[master 180284ad651] A commit a day keeps the girlfriend away.
 2 files changed, 1 insertion(+)
 create mode 100644 cron.log
To github.com:Nepomuk5665/AutoGreen.git
   c73b4884900..180284ad651  master -> master
Branch 'master' set up to track remote branch 'master' from 'origin'.
[master e71c38bca9d] A commit a day keeps the girlfriend away.
 2 files changed, 7 insertions(+)
To github.com:Nepomuk5665/AutoGreen.git
   180284ad651..e71c38bca9d  master -> master
Branch 'master' set up to track remote branch 'master' from 'origin'.
[master 30ad3eb51dc] A commit a day keeps the girlfriend away.
 2 files changed, 6 insertions(+)
To github.com:Nepomuk5665/AutoGreen.git
   e71c38bca9d..30ad3eb51dc  master -> master
Branch 'master' set up to track remote branch 'master' from 'origin'.
[master 458d2b1b9e0] A commit a day keeps the girlfriend away.
 2 files changed, 6 insertions(+)
To github.com:Nepomuk5665/AutoGreen.git
   30ad3eb51dc..458d2b1b9e0  master -> master
Branch 'master' set up to track remote branch 'master' from 'origin'.
